c:\users\bit\desktop\실습 바로가기\프로젝트\프로젝트 연습장(세진, 지상)\프로젝트 연습장(세진, 지상)\x64\debug\vc143.pdb
c:\users\bit\desktop\실습 바로가기\프로젝트\프로젝트 연습장(세진, 지상)\프로젝트 연습장(세진, 지상)\x64\debug\vc143.idb
c:\users\bit\desktop\실습 바로가기\프로젝트\프로젝트 연습장(세진, 지상)\프로젝트 연습장(세진, 지상)\x64\debug\소스.obj
c:\users\bit\desktop\실습 바로가기\프로젝트\프로젝트 연습장(세진, 지상)\프로젝트 연습장(세진, 지상)\x64\debug\main.obj
c:\users\bit\desktop\실습 바로가기\프로젝트\프로젝트 연습장(세진, 지상)\x64\debug\프로젝트 연습장(세진, 지상).pdb
c:\users\bit\desktop\실습 바로가기\프로젝트\프로젝트 연습장(세진, 지상)\프로젝트 연습장(세진, 지상)\x64\debug\프로젝트 연습장(세진, 지상).tlog\cl.command.1.tlog
c:\users\bit\desktop\실습 바로가기\프로젝트\프로젝트 연습장(세진, 지상)\프로젝트 연습장(세진, 지상)\x64\debug\프로젝트 연습장(세진, 지상).tlog\cl.read.1.tlog
c:\users\bit\desktop\실습 바로가기\프로젝트\프로젝트 연습장(세진, 지상)\프로젝트 연습장(세진, 지상)\x64\debug\프로젝트 연습장(세진, 지상).tlog\cl.write.1.tlog
c:\users\bit\desktop\실습 바로가기\프로젝트\프로젝트 연습장(세진, 지상)\프로젝트 연습장(세진, 지상)\x64\debug\프로젝트 연습장(세진, 지상).tlog\link-cvtres.read.1.tlog
c:\users\bit\desktop\실습 바로가기\프로젝트\프로젝트 연습장(세진, 지상)\프로젝트 연습장(세진, 지상)\x64\debug\프로젝트 연습장(세진, 지상).tlog\link-cvtres.write.1.tlog
c:\users\bit\desktop\실습 바로가기\프로젝트\프로젝트 연습장(세진, 지상)\프로젝트 연습장(세진, 지상)\x64\debug\프로젝트 연습장(세진, 지상).tlog\link-rc.read.1.tlog
c:\users\bit\desktop\실습 바로가기\프로젝트\프로젝트 연습장(세진, 지상)\프로젝트 연습장(세진, 지상)\x64\debug\프로젝트 연습장(세진, 지상).tlog\link-rc.write.1.tlog
c:\users\bit\desktop\실습 바로가기\프로젝트\프로젝트 연습장(세진, 지상)\프로젝트 연습장(세진, 지상)\x64\debug\프로젝트 연습장(세진, 지상).tlog\link.18744-cvtres.read.1.tlog
c:\users\bit\desktop\실습 바로가기\프로젝트\프로젝트 연습장(세진, 지상)\프로젝트 연습장(세진, 지상)\x64\debug\프로젝트 연습장(세진, 지상).tlog\link.18744-cvtres.write.1.tlog
c:\users\bit\desktop\실습 바로가기\프로젝트\프로젝트 연습장(세진, 지상)\프로젝트 연습장(세진, 지상)\x64\debug\프로젝트 연습장(세진, 지상).tlog\link.18744-rc.read.1.tlog
c:\users\bit\desktop\실습 바로가기\프로젝트\프로젝트 연습장(세진, 지상)\프로젝트 연습장(세진, 지상)\x64\debug\프로젝트 연습장(세진, 지상).tlog\link.18744-rc.write.1.tlog
c:\users\bit\desktop\실습 바로가기\프로젝트\프로젝트 연습장(세진, 지상)\프로젝트 연습장(세진, 지상)\x64\debug\프로젝트 연습장(세진, 지상).tlog\link.18744.read.1.tlog
c:\users\bit\desktop\실습 바로가기\프로젝트\프로젝트 연습장(세진, 지상)\프로젝트 연습장(세진, 지상)\x64\debug\프로젝트 연습장(세진, 지상).tlog\link.18744.read.2.tlog
c:\users\bit\desktop\실습 바로가기\프로젝트\프로젝트 연습장(세진, 지상)\프로젝트 연습장(세진, 지상)\x64\debug\프로젝트 연습장(세진, 지상).tlog\link.18744.write.1.tlog
c:\users\bit\desktop\실습 바로가기\프로젝트\프로젝트 연습장(세진, 지상)\프로젝트 연습장(세진, 지상)\x64\debug\프로젝트 연습장(세진, 지상).tlog\link.command.1.tlog
c:\users\bit\desktop\실습 바로가기\프로젝트\프로젝트 연습장(세진, 지상)\프로젝트 연습장(세진, 지상)\x64\debug\프로젝트 연습장(세진, 지상).tlog\link.read.1.tlog
c:\users\bit\desktop\실습 바로가기\프로젝트\프로젝트 연습장(세진, 지상)\프로젝트 연습장(세진, 지상)\x64\debug\프로젝트 연습장(세진, 지상).tlog\link.read.2.tlog
c:\users\bit\desktop\실습 바로가기\프로젝트\프로젝트 연습장(세진, 지상)\프로젝트 연습장(세진, 지상)\x64\debug\프로젝트 연습장(세진, 지상).tlog\link.write.1.tlog
